<?xml version="1.0" encoding="UTF-8"?>
<!-- Generated by org.testng.reporters.JUnitReportReporter -->
<testsuite hostname="SRIMAMID-IN" failures="0" tests="3" name="com.irt.qa.testcases.ApplicationListPageTest" time="38.418" errors="0" timestamp="24 Jun 2020 19:29:59 GMT">
  <testcase classname="com.irt.qa.testcases.ApplicationListPageTest" name="validateApplicationListPageTitle" time="11.076"/>
  <testcase classname="com.irt.qa.testcases.ApplicationListPageTest" name="loginTest" time="13.353"/>
  <testcase classname="com.irt.qa.testcases.ApplicationListPageTest" name="loginTest" time="13.989"/>
</testsuite>
