<?xml version="1.0" encoding="UTF-8"?>
<!-- Generated by org.testng.reporters.JUnitReportReporter -->
<testsuite hostname="SRIMAMID-IN" failures="0" tests="2" name="com.irt.qa.testcases.LoginPageTest" time="15.699" errors="0" timestamp="24 Jun 2020 09:16:48 GMT">
  <testcase classname="com.irt.qa.testcases.LoginPageTest" name="validateLoginPageTitle" time="6.723"/>
  <testcase classname="com.irt.qa.testcases.LoginPageTest" name="loginTest" time="8.976"/>
</testsuite>
